<?xml version="1.0" encoding="UTF-8"?>
<!-- Generated by org.testng.reporters.JUnitXMLReporter -->
<testsuite hostname="Lainpuma0348" name="Test" tests="4" failures="0" timestamp="5 Feb 2019 10:15:06 GMT" time="52.515" errors="0">
  <testcase name="packageServiceRequest" time="45.752" classname="com.sntps.acdc.post.ApacheMultipartTest"/>
  <testcase name="contentStructuringRequest" time="3.59" classname="com.sntps.acdc.post.CTTest"/>
  <testcase name="vasRequest" time="1.593" classname="com.sntps.acdc.post.VASTest"/>
  <testcase name="xmlTransformationRequest" time="1.524" classname="com.sntps.acdc.post.XMLTest"/>
</testsuite> <!-- Test -->
